[debug] [2017-11-11T23:26:59.338Z] ----------------------------------------------------------------------
[debug] [2017-11-11T23:26:59.340Z] Command:       /usr/bin/node /home/jay/.yarn/bin/firebase deploy --only hosting
[debug] [2017-11-11T23:26:59.341Z] CLI Version:   3.14.0
[debug] [2017-11-11T23:26:59.341Z] Platform:      linux
[debug] [2017-11-11T23:26:59.341Z] Node Version:  v8.8.1
[debug] [2017-11-11T23:26:59.341Z] Time:          Sat Nov 11 2017 15:26:59 GMT-0800 (PST)
[debug] [2017-11-11T23:26:59.341Z] ----------------------------------------------------------------------
[debug] 
[debug] [2017-11-11T23:26:59.353Z] > command requires scopes: ["email","openid","https://www.googleapis.com/auth/cloudplatformprojects.readonly","https://www.googleapis.com/auth/firebase","https://www.googleapis.com/auth/cloud-platform"]
[debug] [2017-11-11T23:26:59.353Z] > authorizing via signed-in user
[debug] [2017-11-11T23:26:59.355Z] >>> HTTP REQUEST GET https://admin.firebase.com/v1/projects/wisper-ffe5b  
 Sat Nov 11 2017 15:26:59 GMT-0800 (PST)
[debug] [2017-11-11T23:27:11.013Z] <<< HTTP RESPONSE 200
[debug] [2017-11-11T23:27:11.014Z] >>> HTTP REQUEST GET https://admin.firebase.com/v1/database/wisper-ffe5b/tokens  
 Sat Nov 11 2017 15:27:11 GMT-0800 (PST)
[debug] [2017-11-11T23:27:16.875Z] <<< HTTP RESPONSE 200
[info] 1
[info] 
[info] === Deploying to 'wisper-ffe5b'...
[info] 
[info] i  deploying hosting
[info] i  hosting: preparing build directory for upload...
[debug] [2017-11-11T23:27:23.976Z] >>> HTTP REQUEST PUT https://deploy.firebase.com/v1/hosting/wisper-ffe5b/uploads/-KyhPAk1pdIf74nSaHMN?fileCount=13&message=  
 Sat Nov 11 2017 15:27:23 GMT-0800 (PST)
